[2022-06-21T07:04:01.363] [DEBUG] default - Verify if the url is correctly displayed
[2022-06-21T07:04:06.517] [DEBUG] default - Opening website of https://phptravels.com/flights-module-features/
[2022-06-21T07:04:07.374] [DEBUG] default - Website opened https://phptravels.com/flights-module-features/
[2022-06-21T07:04:12.520] [DEBUG] default - Verify if the header is displayed
[2022-06-21T07:04:13.912] [DEBUG] default - Opening website of https://phptravels.com/flights-module-features/
[2022-06-21T07:04:14.961] [DEBUG] default - Website opened https://phptravels.com/flights-module-features/
[2022-06-21T07:05:16.560] [DEBUG] default - Opening website of https://phptravels.com/flights-module-features/
[2022-06-21T07:05:17.276] [DEBUG] default - Website opened https://phptravels.com/flights-module-features/
[2022-06-21T07:05:55.560] [DEBUG] default - Opening website of https://phptravels.com/flights-module-features/
[2022-06-21T07:05:55.852] [DEBUG] default - Opening website of https://phptravels.com/flights-module-features/
[2022-06-21T07:05:56.731] [DEBUG] default - Website opened https://phptravels.com/flights-module-features/
[2022-06-21T07:05:56.923] [DEBUG] default - Website opened https://phptravels.com/flights-module-features/
[2022-06-21T07:06:02.275] [DEBUG] default - Verify if the url is correctly displayed
[2022-06-21T07:06:02.338] [DEBUG] default - Verify if the url is correctly displayed
[2022-06-21T07:06:05.563] [DEBUG] default - Opening website of https://phptravels.com/flights-module-features/
[2022-06-21T07:06:06.925] [DEBUG] default - Website opened https://phptravels.com/flights-module-features/
[2022-06-21T07:06:07.745] [DEBUG] default - Opening website of https://phptravels.com/flights-module-features/
[2022-06-21T07:06:08.899] [DEBUG] default - Website opened https://phptravels.com/flights-module-features/
[2022-06-21T07:06:12.252] [DEBUG] default - Verify if the header is displayed
[2022-06-21T07:06:14.508] [DEBUG] default - Verify if the header is displayed
[2022-06-21T07:06:21.252] [DEBUG] default - Opening website of https://phptravels.com/flights-module-features/
[2022-06-21T07:06:22.428] [DEBUG] default - Website opened https://phptravels.com/flights-module-features/
[2022-06-21T07:06:23.769] [DEBUG] default - Opening website of https://phptravels.com/flights-module-features/
[2022-06-21T07:06:24.805] [DEBUG] default - Website opened https://phptravels.com/flights-module-features/
[2022-06-21T07:06:27.603] [DEBUG] default - Verify if the header title is displayed
[2022-06-21T07:06:30.016] [DEBUG] default - Verify if the header title is displayed
[2022-06-21T07:06:30.538] [DEBUG] default - Opening website of https://phptravels.com/flights-module-features/
[2022-06-21T07:06:31.639] [DEBUG] default - Website opened https://phptravels.com/flights-module-features/
[2022-06-21T07:06:32.955] [DEBUG] default - Opening website of https://phptravels.com/flights-module-features/
[2022-06-21T07:06:34.536] [DEBUG] default - Website opened https://phptravels.com/flights-module-features/
[2022-06-21T07:06:36.803] [DEBUG] default - Verify the header title is correctly populated
[2022-06-21T07:06:38.174] [DEBUG] default - Opening website of https://phptravels.com/flights-module-features/
[2022-06-21T07:06:39.008] [DEBUG] default - Website opened https://phptravels.com/flights-module-features/
[2022-06-21T07:06:39.699] [DEBUG] default - Verify the header title is correctly populated
[2022-06-21T07:14:53.545] [DEBUG] default - Opening website of https://phptravels.com/flights-module-features/
[2022-06-21T07:14:53.545] [DEBUG] default - Opening website of https://phptravels.com/flights-module-features/
[2022-06-21T07:14:54.579] [DEBUG] default - Website opened https://phptravels.com/flights-module-features/
[2022-06-21T07:14:54.624] [DEBUG] default - Website opened https://phptravels.com/flights-module-features/
[2022-06-21T07:14:59.765] [DEBUG] default - Verify if the url is correctly displayed
[2022-06-21T07:14:59.862] [DEBUG] default - Verify if the url is correctly displayed
[2022-06-21T07:15:02.838] [DEBUG] default - Opening website of https://phptravels.com/flights-module-features/
[2022-06-21T07:15:05.740] [DEBUG] default - Website opened https://phptravels.com/flights-module-features/
[2022-06-21T07:15:06.530] [DEBUG] default - Opening website of https://phptravels.com/flights-module-features/
[2022-06-21T07:15:33.557] [DEBUG] default - Opening website of https://phptravels.com/flights-module-features/
[2022-06-21T07:15:33.629] [DEBUG] default - Opening website of https://phptravels.com/flights-module-features/
[2022-06-21T07:15:35.023] [DEBUG] default - Website opened https://phptravels.com/flights-module-features/
[2022-06-21T07:15:35.029] [DEBUG] default - Website opened https://phptravels.com/flights-module-features/
[2022-06-21T07:15:40.231] [DEBUG] default - Verify if the url is correctly displayed
[2022-06-21T07:15:40.294] [DEBUG] default - Verify if the url is correctly displayed
[2022-06-21T07:15:42.587] [DEBUG] default - Opening website of https://phptravels.com/flights-module-features/
[2022-06-21T07:15:42.637] [DEBUG] default - Opening website of https://phptravels.com/flights-module-features/
[2022-06-21T07:15:43.583] [DEBUG] default - Website opened https://phptravels.com/flights-module-features/
